[33m[1m⚠[22m[39m The "middleware" file convention is deprecated. Please use "proxy" instead. Learn more: https://nextjs.org/docs/messages/middleware-to-proxy
[33m[1m⚠[22m[39m Using edge runtime on a page currently disables static generation for that page
Failed to fetch site settings Error: Dynamic server usage: Route /contact couldn't be rendered statically because it used `cookies`. See more info here: https://nextjs.org/docs/messages/dynamic-server-error
    at w [90m(D:\erj softwares\sam\[39m.next\server\chunks\ssr\_ffa90e90._.js:34:52214[90m)[39m
    at n [90m(D:\erj softwares\sam\[39m.next\server\chunks\ssr\_ffa90e90._.js:37:11054[90m)[39m
    at aB [90m(D:\erj softwares\sam\[39m.next\server\chunks\ssr\_ffa90e90._.js:58:71[90m)[39m
    at c [90m(D:\erj softwares\sam\[39m.next\server\chunks\ssr\[root-of-the-server]__b4123067._.js:1:109[90m)[39m
    at q [90m(D:\erj softwares\sam\[39m.next\server\chunks\ssr\_f2442f64._.js:1:11533[90m)[39m
    at stringify (<anonymous>) {
  description: [32m"Route /contact couldn't be rendered statically because it used `cookies`. See more info here: https://nextjs.org/docs/messages/dynamic-server-error"[39m,
  digest: [32m'DYNAMIC_SERVER_USAGE'[39m
}
Failed to fetch site settings Error: Dynamic server usage: Route /dashboard/cms couldn't be rendered statically because it used `cookies`. See more info here: https://nextjs.org/docs/messages/dynamic-server-error
    at w [90m(D:\erj softwares\sam\[39m.next\server\chunks\ssr\_ffa90e90._.js:34:52214[90m)[39m
    at n [90m(D:\erj softwares\sam\[39m.next\server\chunks\ssr\_ffa90e90._.js:37:11054[90m)[39m
    at aB [90m(D:\erj softwares\sam\[39m.next\server\chunks\ssr\_ffa90e90._.js:58:71[90m)[39m
    at c [90m(D:\erj softwares\sam\[39m.next\server\chunks\ssr\[root-of-the-server]__b4123067._.js:1:109[90m)[39m
    at Module.i [90m(D:\erj softwares\sam\[39m.next\server\chunks\ssr\[root-of-the-server]__b4123067._.js:1:2076[90m)[39m
    at <unknown> [90m(D:\erj softwares\sam\[39m.next\server\chunks\ssr\[root-of-the-server]__8e8f535b._.js:4:711[90m)[39m {
  description: [32m"Route /dashboard/cms couldn't be rendered statically because it used `cookies`. See more info here: https://nextjs.org/docs/messages/dynamic-server-error"[39m,
  digest: [32m'DYNAMIC_SERVER_USAGE'[39m
}
Failed to fetch site settings Error: Dynamic server usage: Route /contact couldn't be rendered statically because it used `cookies`. See more info here: https://nextjs.org/docs/messages/dynamic-server-error
    at w [90m(D:\erj softwares\sam\[39m.next\server\chunks\ssr\_ffa90e90._.js:34:52214[90m)[39m
    at n [90m(D:\erj softwares\sam\[39m.next\server\chunks\ssr\_ffa90e90._.js:37:11054[90m)[39m
    at aB [90m(D:\erj softwares\sam\[39m.next\server\chunks\ssr\_ffa90e90._.js:58:71[90m)[39m
    at c [90m(D:\erj softwares\sam\[39m.next\server\chunks\ssr\[root-of-the-server]__b4123067._.js:1:109[90m)[39m
    at Module.i [90m(D:\erj softwares\sam\[39m.next\server\chunks\ssr\[root-of-the-server]__b4123067._.js:1:2076[90m)[39m
    at <unknown> [90m(D:\erj softwares\sam\[39m.next\server\chunks\ssr\[root-of-the-server]__8e8f535b._.js:4:711[90m)[39m {
  description: [32m"Route /contact couldn't be rendered statically because it used `cookies`. See more info here: https://nextjs.org/docs/messages/dynamic-server-error"[39m,
  digest: [32m'DYNAMIC_SERVER_USAGE'[39m
}
Failed to fetch site settings Error: Dynamic server usage: Route /gallery couldn't be rendered statically because it used `cookies`. See more info here: https://nextjs.org/docs/messages/dynamic-server-error
    at w [90m(D:\erj softwares\sam\[39m.next\server\chunks\ssr\_ffa90e90._.js:34:52214[90m)[39m
    at n [90m(D:\erj softwares\sam\[39m.next\server\chunks\ssr\_ffa90e90._.js:37:11054[90m)[39m
    at aB [90m(D:\erj softwares\sam\[39m.next\server\chunks\ssr\_ffa90e90._.js:58:71[90m)[39m
    at c [90m(D:\erj softwares\sam\[39m.next\server\chunks\ssr\[root-of-the-server]__b4123067._.js:1:109[90m)[39m
    at q [90m(D:\erj softwares\sam\[39m.next\server\chunks\ssr\_f2442f64._.js:1:11533[90m)[39m
    at stringify (<anonymous>) {
  description: [32m"Route /gallery couldn't be rendered statically because it used `cookies`. See more info here: https://nextjs.org/docs/messages/dynamic-server-error"[39m,
  digest: [32m'DYNAMIC_SERVER_USAGE'[39m
}
Failed to fetch site settings Error: Dynamic server usage: Route /gallery couldn't be rendered statically because it used `cookies`. See more info here: https://nextjs.org/docs/messages/dynamic-server-error
    at w [90m(D:\erj softwares\sam\[39m.next\server\chunks\ssr\_ffa90e90._.js:34:52214[90m)[39m
    at n [90m(D:\erj softwares\sam\[39m.next\server\chunks\ssr\_ffa90e90._.js:37:11054[90m)[39m
    at aB [90m(D:\erj softwares\sam\[39m.next\server\chunks\ssr\_ffa90e90._.js:58:71[90m)[39m
    at c [90m(D:\erj softwares\sam\[39m.next\server\chunks\ssr\[root-of-the-server]__b4123067._.js:1:109[90m)[39m
    at Module.i [90m(D:\erj softwares\sam\[39m.next\server\chunks\ssr\[root-of-the-server]__b4123067._.js:1:2076[90m)[39m
    at <unknown> [90m(D:\erj softwares\sam\[39m.next\server\chunks\ssr\[root-of-the-server]__8e8f535b._.js:4:711[90m)[39m {
  description: [32m"Route /gallery couldn't be rendered statically because it used `cookies`. See more info here: https://nextjs.org/docs/messages/dynamic-server-error"[39m,
  digest: [32m'DYNAMIC_SERVER_USAGE'[39m
}
Failed to fetch site settings Error: Dynamic server usage: Route /icon-story couldn't be rendered statically because it used `cookies`. See more info here: https://nextjs.org/docs/messages/dynamic-server-error
    at w [90m(D:\erj softwares\sam\[39m.next\server\chunks\ssr\_ffa90e90._.js:34:52214[90m)[39m
    at n [90m(D:\erj softwares\sam\[39m.next\server\chunks\ssr\_ffa90e90._.js:37:11054[90m)[39m
    at aB [90m(D:\erj softwares\sam\[39m.next\server\chunks\ssr\_ffa90e90._.js:58:71[90m)[39m
    at c [90m(D:\erj softwares\sam\[39m.next\server\chunks\ssr\[root-of-the-server]__b4123067._.js:1:109[90m)[39m
    at q [90m(D:\erj softwares\sam\[39m.next\server\chunks\ssr\_f2442f64._.js:1:11533[90m)[39m
    at stringify (<anonymous>) {
  description: [32m"Route /icon-story couldn't be rendered statically because it used `cookies`. See more info here: https://nextjs.org/docs/messages/dynamic-server-error"[39m,
  digest: [32m'DYNAMIC_SERVER_USAGE'[39m
}
Failed to fetch site settings Error: Dynamic server usage: Route /icon-story couldn't be rendered statically because it used `cookies`. See more info here: https://nextjs.org/docs/messages/dynamic-server-error
    at w [90m(D:\erj softwares\sam\[39m.next\server\chunks\ssr\_ffa90e90._.js:34:52214[90m)[39m
    at n [90m(D:\erj softwares\sam\[39m.next\server\chunks\ssr\_ffa90e90._.js:37:11054[90m)[39m
    at aB [90m(D:\erj softwares\sam\[39m.next\server\chunks\ssr\_ffa90e90._.js:58:71[90m)[39m
    at c [90m(D:\erj softwares\sam\[39m.next\server\chunks\ssr\[root-of-the-server]__b4123067._.js:1:109[90m)[39m
    at Module.i [90m(D:\erj softwares\sam\[39m.next\server\chunks\ssr\[root-of-the-server]__b4123067._.js:1:2076[90m)[39m
    at <unknown> [90m(D:\erj softwares\sam\[39m.next\server\chunks\ssr\[root-of-the-server]__8e8f535b._.js:4:711[90m)[39m {
  description: [32m"Route /icon-story couldn't be rendered statically because it used `cookies`. See more info here: https://nextjs.org/docs/messages/dynamic-server-error"[39m,
  digest: [32m'DYNAMIC_SERVER_USAGE'[39m
}
Failed to fetch site settings Error: Dynamic server usage: Route /news couldn't be rendered statically because it used `cookies`. See more info here: https://nextjs.org/docs/messages/dynamic-server-error
    at w [90m(D:\erj softwares\sam\[39m.next\server\chunks\ssr\_ffa90e90._.js:34:52214[90m)[39m
    at n [90m(D:\erj softwares\sam\[39m.next\server\chunks\ssr\_ffa90e90._.js:37:11054[90m)[39m
    at aB [90m(D:\erj softwares\sam\[39m.next\server\chunks\ssr\_ffa90e90._.js:58:71[90m)[39m
    at c [90m(D:\erj softwares\sam\[39m.next\server\chunks\ssr\[root-of-the-server]__b4123067._.js:1:109[90m)[39m
    at q [90m(D:\erj softwares\sam\[39m.next\server\chunks\ssr\_f2442f64._.js:1:11533[90m)[39m
    at stringify (<anonymous>) {
  description: [32m"Route /news couldn't be rendered statically because it used `cookies`. See more info here: https://nextjs.org/docs/messages/dynamic-server-error"[39m,
  digest: [32m'DYNAMIC_SERVER_USAGE'[39m
}
Failed to fetch site settings Error: Dynamic server usage: Route /news couldn't be rendered statically because it used `cookies`. See more info here: https://nextjs.org/docs/messages/dynamic-server-error
    at w [90m(D:\erj softwares\sam\[39m.next\server\chunks\ssr\_ffa90e90._.js:34:52214[90m)[39m
    at n [90m(D:\erj softwares\sam\[39m.next\server\chunks\ssr\_ffa90e90._.js:37:11054[90m)[39m
    at aB [90m(D:\erj softwares\sam\[39m.next\server\chunks\ssr\_ffa90e90._.js:58:71[90m)[39m
    at c [90m(D:\erj softwares\sam\[39m.next\server\chunks\ssr\[root-of-the-server]__b4123067._.js:1:109[90m)[39m
    at Module.i [90m(D:\erj softwares\sam\[39m.next\server\chunks\ssr\[root-of-the-server]__b4123067._.js:1:2076[90m)[39m
    at <unknown> [90m(D:\erj softwares\sam\[39m.next\server\chunks\ssr\[root-of-the-server]__8e8f535b._.js:4:711[90m)[39m {
  description: [32m"Route /news couldn't be rendered statically because it used `cookies`. See more info here: https://nextjs.org/docs/messages/dynamic-server-error"[39m,
  digest: [32m'DYNAMIC_SERVER_USAGE'[39m
}
Failed to fetch site settings Error: Dynamic server usage: Route / couldn't be rendered statically because it used `cookies`. See more info here: https://nextjs.org/docs/messages/dynamic-server-error
    at w [90m(D:\erj softwares\sam\[39m.next\server\chunks\ssr\_ffa90e90._.js:34:52214[90m)[39m
    at n [90m(D:\erj softwares\sam\[39m.next\server\chunks\ssr\_ffa90e90._.js:37:11054[90m)[39m
    at aB [90m(D:\erj softwares\sam\[39m.next\server\chunks\ssr\_ffa90e90._.js:58:71[90m)[39m
    at c [90m(D:\erj softwares\sam\[39m.next\server\chunks\ssr\[root-of-the-server]__b4123067._.js:1:109[90m)[39m
    at q [90m(D:\erj softwares\sam\[39m.next\server\chunks\ssr\_f2442f64._.js:1:11533[90m)[39m
    at stringify (<anonymous>) {
  description: [32m"Route / couldn't be rendered statically because it used `cookies`. See more info here: https://nextjs.org/docs/messages/dynamic-server-error"[39m,
  digest: [32m'DYNAMIC_SERVER_USAGE'[39m
}
Failed to fetch site settings Error: Dynamic server usage: Route / couldn't be rendered statically because it used `cookies`. See more info here: https://nextjs.org/docs/messages/dynamic-server-error
    at w [90m(D:\erj softwares\sam\[39m.next\server\chunks\ssr\_ffa90e90._.js:34:52214[90m)[39m
    at n [90m(D:\erj softwares\sam\[39m.next\server\chunks\ssr\_ffa90e90._.js:37:11054[90m)[39m
    at aB [90m(D:\erj softwares\sam\[39m.next\server\chunks\ssr\_ffa90e90._.js:58:71[90m)[39m
    at c [90m(D:\erj softwares\sam\[39m.next\server\chunks\ssr\[root-of-the-server]__b4123067._.js:1:109[90m)[39m
    at Module.i [90m(D:\erj softwares\sam\[39m.next\server\chunks\ssr\[root-of-the-server]__b4123067._.js:1:2076[90m)[39m
    at <unknown> [90m(D:\erj softwares\sam\[39m.next\server\chunks\ssr\[root-of-the-server]__8e8f535b._.js:4:711[90m)[39m {
  description: [32m"Route / couldn't be rendered statically because it used `cookies`. See more info here: https://nextjs.org/docs/messages/dynamic-server-error"[39m,
  digest: [32m'DYNAMIC_SERVER_USAGE'[39m
}
Failed to fetch site settings Error: Dynamic server usage: Route /_not-found couldn't be rendered statically because it used `cookies`. See more info here: https://nextjs.org/docs/messages/dynamic-server-error
    at w [90m(D:\erj softwares\sam\[39m.next\server\chunks\ssr\_ffa90e90._.js:34:52214[90m)[39m
    at n [90m(D:\erj softwares\sam\[39m.next\server\chunks\ssr\_ffa90e90._.js:37:11054[90m)[39m
    at aB [90m(D:\erj softwares\sam\[39m.next\server\chunks\ssr\_ffa90e90._.js:58:71[90m)[39m
    at c [90m(D:\erj softwares\sam\[39m.next\server\chunks\ssr\[root-of-the-server]__b4123067._.js:1:109[90m)[39m
    at Module.i [90m(D:\erj softwares\sam\[39m.next\server\chunks\ssr\[root-of-the-server]__b4123067._.js:1:2076[90m)[39m
    at <unknown> [90m(D:\erj softwares\sam\[39m.next\server\chunks\ssr\[root-of-the-server]__8e8f535b._.js:4:711[90m)[39m {
  description: [32m"Route /_not-found couldn't be rendered statically because it used `cookies`. See more info here: https://nextjs.org/docs/messages/dynamic-server-error"[39m,
  digest: [32m'DYNAMIC_SERVER_USAGE'[39m
}
Failed to fetch site settings Error: Dynamic server usage: Route /ranking couldn't be rendered statically because it used `cookies`. See more info here: https://nextjs.org/docs/messages/dynamic-server-error
    at w [90m(D:\erj softwares\sam\[39m.next\server\chunks\ssr\_ffa90e90._.js:34:52214[90m)[39m
    at n [90m(D:\erj softwares\sam\[39m.next\server\chunks\ssr\_ffa90e90._.js:37:11054[90m)[39m
    at aB [90m(D:\erj softwares\sam\[39m.next\server\chunks\ssr\_ffa90e90._.js:58:71[90m)[39m
    at c [90m(D:\erj softwares\sam\[39m.next\server\chunks\ssr\[root-of-the-server]__b4123067._.js:1:109[90m)[39m
    at q [90m(D:\erj softwares\sam\[39m.next\server\chunks\ssr\_f2442f64._.js:1:11533[90m)[39m
    at stringify (<anonymous>) {
  description: [32m"Route /ranking couldn't be rendered statically because it used `cookies`. See more info here: https://nextjs.org/docs/messages/dynamic-server-error"[39m,
  digest: [32m'DYNAMIC_SERVER_USAGE'[39m
}
Failed to fetch site settings Error: Dynamic server usage: Route /ranking couldn't be rendered statically because it used `cookies`. See more info here: https://nextjs.org/docs/messages/dynamic-server-error
    at w [90m(D:\erj softwares\sam\[39m.next\server\chunks\ssr\_ffa90e90._.js:34:52214[90m)[39m
    at n [90m(D:\erj softwares\sam\[39m.next\server\chunks\ssr\_ffa90e90._.js:37:11054[90m)[39m
    at aB [90m(D:\erj softwares\sam\[39m.next\server\chunks\ssr\_ffa90e90._.js:58:71[90m)[39m
    at c [90m(D:\erj softwares\sam\[39m.next\server\chunks\ssr\[root-of-the-server]__b4123067._.js:1:109[90m)[39m
    at Module.i [90m(D:\erj softwares\sam\[39m.next\server\chunks\ssr\[root-of-the-server]__b4123067._.js:1:2076[90m)[39m
    at <unknown> [90m(D:\erj softwares\sam\[39m.next\server\chunks\ssr\[root-of-the-server]__8e8f535b._.js:4:711[90m)[39m {
  description: [32m"Route /ranking couldn't be rendered statically because it used `cookies`. See more info here: https://nextjs.org/docs/messages/dynamic-server-error"[39m,
  digest: [32m'DYNAMIC_SERVER_USAGE'[39m
}
Failed to fetch site settings Error: Dynamic server usage: Route /login couldn't be rendered statically because it used `cookies`. See more info here: https://nextjs.org/docs/messages/dynamic-server-error
    at w [90m(D:\erj softwares\sam\[39m.next\server\chunks\ssr\_ffa90e90._.js:34:52214[90m)[39m
    at n [90m(D:\erj softwares\sam\[39m.next\server\chunks\ssr\_ffa90e90._.js:37:11054[90m)[39m
    at aB [90m(D:\erj softwares\sam\[39m.next\server\chunks\ssr\_ffa90e90._.js:58:71[90m)[39m
    at c [90m(D:\erj softwares\sam\[39m.next\server\chunks\ssr\[root-of-the-server]__b4123067._.js:1:109[90m)[39m
    at g [90m(D:\erj softwares\sam\[39m.next\server\chunks\ssr\[root-of-the-server]__12575fe1._.js:1:1466[90m)[39m
    at stringify (<anonymous>) {
  description: [32m"Route /login couldn't be rendered statically because it used `cookies`. See more info here: https://nextjs.org/docs/messages/dynamic-server-error"[39m,
  digest: [32m'DYNAMIC_SERVER_USAGE'[39m
}
Failed to fetch site settings Error: Dynamic server usage: Route /teacher-awards couldn't be rendered statically because it used `cookies`. See more info here: https://nextjs.org/docs/messages/dynamic-server-error
    at w [90m(D:\erj softwares\sam\[39m.next\server\chunks\ssr\_ffa90e90._.js:34:52214[90m)[39m
    at n [90m(D:\erj softwares\sam\[39m.next\server\chunks\ssr\_ffa90e90._.js:37:11054[90m)[39m
    at aB [90m(D:\erj softwares\sam\[39m.next\server\chunks\ssr\_ffa90e90._.js:58:71[90m)[39m
    at c [90m(D:\erj softwares\sam\[39m.next\server\chunks\ssr\[root-of-the-server]__b4123067._.js:1:109[90m)[39m
    at q [90m(D:\erj softwares\sam\[39m.next\server\chunks\ssr\_f2442f64._.js:1:11533[90m)[39m
    at stringify (<anonymous>) {
  description: [32m"Route /teacher-awards couldn't be rendered statically because it used `cookies`. See more info here: https://nextjs.org/docs/messages/dynamic-server-error"[39m,
  digest: [32m'DYNAMIC_SERVER_USAGE'[39m
}
Failed to fetch site settings Error: Dynamic server usage: Route /login couldn't be rendered statically because it used `cookies`. See more info here: https://nextjs.org/docs/messages/dynamic-server-error
    at w [90m(D:\erj softwares\sam\[39m.next\server\chunks\ssr\_ffa90e90._.js:34:52214[90m)[39m
    at n [90m(D:\erj softwares\sam\[39m.next\server\chunks\ssr\_ffa90e90._.js:37:11054[90m)[39m
    at aB [90m(D:\erj softwares\sam\[39m.next\server\chunks\ssr\_ffa90e90._.js:58:71[90m)[39m
    at c [90m(D:\erj softwares\sam\[39m.next\server\chunks\ssr\[root-of-the-server]__b4123067._.js:1:109[90m)[39m
    at Module.i [90m(D:\erj softwares\sam\[39m.next\server\chunks\ssr\[root-of-the-server]__b4123067._.js:1:2076[90m)[39m
    at <unknown> [90m(D:\erj softwares\sam\[39m.next\server\chunks\ssr\[root-of-the-server]__8e8f535b._.js:4:711[90m)[39m {
  description: [32m"Route /login couldn't be rendered statically because it used `cookies`. See more info here: https://nextjs.org/docs/messages/dynamic-server-error"[39m,
  digest: [32m'DYNAMIC_SERVER_USAGE'[39m
}
Failed to fetch site settings Error: Dynamic server usage: Route /teacher-awards couldn't be rendered statically because it used `cookies`. See more info here: https://nextjs.org/docs/messages/dynamic-server-error
    at w [90m(D:\erj softwares\sam\[39m.next\server\chunks\ssr\_ffa90e90._.js:34:52214[90m)[39m
    at n [90m(D:\erj softwares\sam\[39m.next\server\chunks\ssr\_ffa90e90._.js:37:11054[90m)[39m
    at aB [90m(D:\erj softwares\sam\[39m.next\server\chunks\ssr\_ffa90e90._.js:58:71[90m)[39m
    at c [90m(D:\erj softwares\sam\[39m.next\server\chunks\ssr\[root-of-the-server]__b4123067._.js:1:109[90m)[39m
    at Module.i [90m(D:\erj softwares\sam\[39m.next\server\chunks\ssr\[root-of-the-server]__b4123067._.js:1:2076[90m)[39m
    at <unknown> [90m(D:\erj softwares\sam\[39m.next\server\chunks\ssr\[root-of-the-server]__8e8f535b._.js:4:711[90m)[39m {
  description: [32m"Route /teacher-awards couldn't be rendered statically because it used `cookies`. See more info here: https://nextjs.org/docs/messages/dynamic-server-error"[39m,
  digest: [32m'DYNAMIC_SERVER_USAGE'[39m
}
Failed to fetch site settings Error: Dynamic server usage: Route /winners couldn't be rendered statically because it used `cookies`. See more info here: https://nextjs.org/docs/messages/dynamic-server-error
    at w [90m(D:\erj softwares\sam\[39m.next\server\chunks\ssr\_ffa90e90._.js:34:52214[90m)[39m
    at n [90m(D:\erj softwares\sam\[39m.next\server\chunks\ssr\_ffa90e90._.js:37:11054[90m)[39m
    at aB [90m(D:\erj softwares\sam\[39m.next\server\chunks\ssr\_ffa90e90._.js:58:71[90m)[39m
    at c [90m(D:\erj softwares\sam\[39m.next\server\chunks\ssr\[root-of-the-server]__b4123067._.js:1:109[90m)[39m
    at q [90m(D:\erj softwares\sam\[39m.next\server\chunks\ssr\_f2442f64._.js:1:11533[90m)[39m
    at stringify (<anonymous>) {
  description: [32m"Route /winners couldn't be rendered statically because it used `cookies`. See more info here: https://nextjs.org/docs/messages/dynamic-server-error"[39m,
  digest: [32m'DYNAMIC_SERVER_USAGE'[39m
}
Failed to fetch site settings Error: Dynamic server usage: Route /winners couldn't be rendered statically because it used `cookies`. See more info here: https://nextjs.org/docs/messages/dynamic-server-error
    at w [90m(D:\erj softwares\sam\[39m.next\server\chunks\ssr\_ffa90e90._.js:34:52214[90m)[39m
    at n [90m(D:\erj softwares\sam\[39m.next\server\chunks\ssr\_ffa90e90._.js:37:11054[90m)[39m
    at aB [90m(D:\erj softwares\sam\[39m.next\server\chunks\ssr\_ffa90e90._.js:58:71[90m)[39m
    at c [90m(D:\erj softwares\sam\[39m.next\server\chunks\ssr\[root-of-the-server]__b4123067._.js:1:109[90m)[39m
    at Module.i [90m(D:\erj softwares\sam\[39m.next\server\chunks\ssr\[root-of-the-server]__b4123067._.js:1:2076[90m)[39m
    at <unknown> [90m(D:\erj softwares\sam\[39m.next\server\chunks\ssr\[root-of-the-server]__8e8f535b._.js:4:711[90m)[39m {
  description: [32m"Route /winners couldn't be rendered statically because it used `cookies`. See more info here: https://nextjs.org/docs/messages/dynamic-server-error"[39m,
  digest: [32m'DYNAMIC_SERVER_USAGE'[39m
}
Failed to fetch site settings Error: Dynamic server usage: Route /winners couldn't be rendered statically because it used `cookies`. See more info here: https://nextjs.org/docs/messages/dynamic-server-error
    at w [90m(D:\erj softwares\sam\[39m.next\server\chunks\ssr\_ffa90e90._.js:34:52214[90m)[39m
    at n [90m(D:\erj softwares\sam\[39m.next\server\chunks\ssr\_ffa90e90._.js:37:11054[90m)[39m
    at aB [90m(D:\erj softwares\sam\[39m.next\server\chunks\ssr\_ffa90e90._.js:58:71[90m)[39m
    at c [90m(D:\erj softwares\sam\[39m.next\server\chunks\ssr\[root-of-the-server]__b4123067._.js:1:109[90m)[39m
    at Module.j [90m(D:\erj softwares\sam\[39m.next\server\chunks\ssr\[root-of-the-server]__8e67db34._.js:1:2462[90m)[39m
    at <unknown> [90m(D:\erj softwares\sam\[39m.next\server\chunks\ssr\[root-of-the-server]__8e8f535b._.js:4:711[90m)[39m {
  description: [32m"Route /winners couldn't be rendered statically because it used `cookies`. See more info here: https://nextjs.org/docs/messages/dynamic-server-error"[39m,
  digest: [32m'DYNAMIC_SERVER_USAGE'[39m
}
Failed to fetch site settings Error: Dynamic server usage: Route /forgot-password couldn't be rendered statically because it used `cookies`. See more info here: https://nextjs.org/docs/messages/dynamic-server-error
    at w [90m(D:\erj softwares\sam\[39m.next\server\chunks\ssr\_ffa90e90._.js:34:52214[90m)[39m
    at n [90m(D:\erj softwares\sam\[39m.next\server\chunks\ssr\_ffa90e90._.js:37:11054[90m)[39m
    at aB [90m(D:\erj softwares\sam\[39m.next\server\chunks\ssr\_ffa90e90._.js:58:71[90m)[39m
    at c [90m(D:\erj softwares\sam\[39m.next\server\chunks\ssr\[root-of-the-server]__b4123067._.js:1:109[90m)[39m
    at Module.i [90m(D:\erj softwares\sam\[39m.next\server\chunks\ssr\[root-of-the-server]__b4123067._.js:1:2076[90m)[39m
    at <unknown> [90m(D:\erj softwares\sam\[39m.next\server\chunks\ssr\[root-of-the-server]__8e8f535b._.js:4:711[90m)[39m {
  description: [32m"Route /forgot-password couldn't be rendered statically because it used `cookies`. See more info here: https://nextjs.org/docs/messages/dynamic-server-error"[39m,
  digest: [32m'DYNAMIC_SERVER_USAGE'[39m
}
Failed to fetch site settings Error: Dynamic server usage: Route /register-school couldn't be rendered statically because it used `cookies`. See more info here: https://nextjs.org/docs/messages/dynamic-server-error
    at w [90m(D:\erj softwares\sam\[39m.next\server\chunks\ssr\_ffa90e90._.js:34:52214[90m)[39m
    at n [90m(D:\erj softwares\sam\[39m.next\server\chunks\ssr\_ffa90e90._.js:37:11054[90m)[39m
    at aB [90m(D:\erj softwares\sam\[39m.next\server\chunks\ssr\_ffa90e90._.js:58:71[90m)[39m
    at c [90m(D:\erj softwares\sam\[39m.next\server\chunks\ssr\[root-of-the-server]__b4123067._.js:1:109[90m)[39m
    at e [90m(D:\erj softwares\sam\[39m.next\server\chunks\ssr\[root-of-the-server]__b171f01e._.js:1:1448[90m)[39m
    at stringify (<anonymous>) {
  description: [32m"Route /register-school couldn't be rendered statically because it used `cookies`. See more info here: https://nextjs.org/docs/messages/dynamic-server-error"[39m,
  digest: [32m'DYNAMIC_SERVER_USAGE'[39m
}
Failed to fetch site settings Error: Dynamic server usage: Route /register-school couldn't be rendered statically because it used `cookies`. See more info here: https://nextjs.org/docs/messages/dynamic-server-error
    at w [90m(D:\erj softwares\sam\[39m.next\server\chunks\ssr\_ffa90e90._.js:34:52214[90m)[39m
    at n [90m(D:\erj softwares\sam\[39m.next\server\chunks\ssr\_ffa90e90._.js:37:11054[90m)[39m
    at aB [90m(D:\erj softwares\sam\[39m.next\server\chunks\ssr\_ffa90e90._.js:58:71[90m)[39m
    at c [90m(D:\erj softwares\sam\[39m.next\server\chunks\ssr\[root-of-the-server]__b4123067._.js:1:109[90m)[39m
    at Module.i [90m(D:\erj softwares\sam\[39m.next\server\chunks\ssr\[root-of-the-server]__b4123067._.js:1:2076[90m)[39m
    at <unknown> [90m(D:\erj softwares\sam\[39m.next\server\chunks\ssr\[root-of-the-server]__8e8f535b._.js:4:711[90m)[39m {
  description: [32m"Route /register-school couldn't be rendered statically because it used `cookies`. See more info here: https://nextjs.org/docs/messages/dynamic-server-error"[39m,
  digest: [32m'DYNAMIC_SERVER_USAGE'[39m
}
Failed to fetch site settings Error: Dynamic server usage: Route /dashboard/evaluate couldn't be rendered statically because it used `cookies`. See more info here: https://nextjs.org/docs/messages/dynamic-server-error
    at w [90m(D:\erj softwares\sam\[39m.next\server\chunks\ssr\_ffa90e90._.js:34:52214[90m)[39m
    at n [90m(D:\erj softwares\sam\[39m.next\server\chunks\ssr\_ffa90e90._.js:37:11054[90m)[39m
    at aB [90m(D:\erj softwares\sam\[39m.next\server\chunks\ssr\_ffa90e90._.js:58:71[90m)[39m
    at c [90m(D:\erj softwares\sam\[39m.next\server\chunks\ssr\[root-of-the-server]__b4123067._.js:1:109[90m)[39m
    at Module.i [90m(D:\erj softwares\sam\[39m.next\server\chunks\ssr\[root-of-the-server]__b4123067._.js:1:2076[90m)[39m
    at <unknown> [90m(D:\erj softwares\sam\[39m.next\server\chunks\ssr\[root-of-the-server]__8e8f535b._.js:4:711[90m)[39m {
  description: [32m"Route /dashboard/evaluate couldn't be rendered statically because it used `cookies`. See more info here: https://nextjs.org/docs/messages/dynamic-server-error"[39m,
  digest: [32m'DYNAMIC_SERVER_USAGE'[39m
}
Failed to fetch site settings Error: Dynamic server usage: Route /dashboard/judges couldn't be rendered statically because it used `cookies`. See more info here: https://nextjs.org/docs/messages/dynamic-server-error
    at w [90m(D:\erj softwares\sam\[39m.next\server\chunks\ssr\_ffa90e90._.js:34:52214[90m)[39m
    at n [90m(D:\erj softwares\sam\[39m.next\server\chunks\ssr\_ffa90e90._.js:37:11054[90m)[39m
    at aB [90m(D:\erj softwares\sam\[39m.next\server\chunks\ssr\_ffa90e90._.js:58:71[90m)[39m
    at c [90m(D:\erj softwares\sam\[39m.next\server\chunks\ssr\[root-of-the-server]__b4123067._.js:1:109[90m)[39m
    at Module.i [90m(D:\erj softwares\sam\[39m.next\server\chunks\ssr\[root-of-the-server]__b4123067._.js:1:2076[90m)[39m
    at <unknown> [90m(D:\erj softwares\sam\[39m.next\server\chunks\ssr\[root-of-the-server]__8e8f535b._.js:4:711[90m)[39m {
  description: [32m"Route /dashboard/judges couldn't be rendered statically because it used `cookies`. See more info here: https://nextjs.org/docs/messages/dynamic-server-error"[39m,
  digest: [32m'DYNAMIC_SERVER_USAGE'[39m
}
Failed to fetch site settings Error: Dynamic server usage: Route /dashboard/my-results couldn't be rendered statically because it used `cookies`. See more info here: https://nextjs.org/docs/messages/dynamic-server-error
    at w [90m(D:\erj softwares\sam\[39m.next\server\chunks\ssr\_ffa90e90._.js:34:52214[90m)[39m
    at n [90m(D:\erj softwares\sam\[39m.next\server\chunks\ssr\_ffa90e90._.js:37:11054[90m)[39m
    at aB [90m(D:\erj softwares\sam\[39m.next\server\chunks\ssr\_ffa90e90._.js:58:71[90m)[39m
    at c [90m(D:\erj softwares\sam\[39m.next\server\chunks\ssr\[root-of-the-server]__b4123067._.js:1:109[90m)[39m
    at Module.i [90m(D:\erj softwares\sam\[39m.next\server\chunks\ssr\[root-of-the-server]__b4123067._.js:1:2076[90m)[39m
    at <unknown> [90m(D:\erj softwares\sam\[39m.next\server\chunks\ssr\[root-of-the-server]__8e8f535b._.js:4:711[90m)[39m {
  description: [32m"Route /dashboard/my-results couldn't be rendered statically because it used `cookies`. See more info here: https://nextjs.org/docs/messages/dynamic-server-error"[39m,
  digest: [32m'DYNAMIC_SERVER_USAGE'[39m
}
Failed to fetch site settings Error: Dynamic server usage: Route /dashboard/my-submissions couldn't be rendered statically because it used `cookies`. See more info here: https://nextjs.org/docs/messages/dynamic-server-error
    at w [90m(D:\erj softwares\sam\[39m.next\server\chunks\ssr\_ffa90e90._.js:34:52214[90m)[39m
    at n [90m(D:\erj softwares\sam\[39m.next\server\chunks\ssr\_ffa90e90._.js:37:11054[90m)[39m
    at aB [90m(D:\erj softwares\sam\[39m.next\server\chunks\ssr\_ffa90e90._.js:58:71[90m)[39m
    at c [90m(D:\erj softwares\sam\[39m.next\server\chunks\ssr\[root-of-the-server]__b4123067._.js:1:109[90m)[39m
    at Module.i [90m(D:\erj softwares\sam\[39m.next\server\chunks\ssr\[root-of-the-server]__b4123067._.js:1:2076[90m)[39m
    at <unknown> [90m(D:\erj softwares\sam\[39m.next\server\chunks\ssr\[root-of-the-server]__8e8f535b._.js:4:711[90m)[39m {
  description: [32m"Route /dashboard/my-submissions couldn't be rendered statically because it used `cookies`. See more info here: https://nextjs.org/docs/messages/dynamic-server-error"[39m,
  digest: [32m'DYNAMIC_SERVER_USAGE'[39m
}
Failed to fetch site settings Error: Dynamic server usage: Route /dashboard/profile couldn't be rendered statically because it used `cookies`. See more info here: https://nextjs.org/docs/messages/dynamic-server-error
    at w [90m(D:\erj softwares\sam\[39m.next\server\chunks\ssr\_ffa90e90._.js:34:52214[90m)[39m
    at n [90m(D:\erj softwares\sam\[39m.next\server\chunks\ssr\_ffa90e90._.js:37:11054[90m)[39m
    at aB [90m(D:\erj softwares\sam\[39m.next\server\chunks\ssr\_ffa90e90._.js:58:71[90m)[39m
    at c [90m(D:\erj softwares\sam\[39m.next\server\chunks\ssr\[root-of-the-server]__b4123067._.js:1:109[90m)[39m
    at Module.i [90m(D:\erj softwares\sam\[39m.next\server\chunks\ssr\[root-of-the-server]__b4123067._.js:1:2076[90m)[39m
    at <unknown> [90m(D:\erj softwares\sam\[39m.next\server\chunks\ssr\[root-of-the-server]__8e8f535b._.js:4:711[90m)[39m {
  description: [32m"Route /dashboard/profile couldn't be rendered statically because it used `cookies`. See more info here: https://nextjs.org/docs/messages/dynamic-server-error"[39m,
  digest: [32m'DYNAMIC_SERVER_USAGE'[39m
}
Failed to fetch site settings Error: Dynamic server usage: Route /dashboard/results couldn't be rendered statically because it used `cookies`. See more info here: https://nextjs.org/docs/messages/dynamic-server-error
    at w [90m(D:\erj softwares\sam\[39m.next\server\chunks\ssr\_ffa90e90._.js:34:52214[90m)[39m
    at n [90m(D:\erj softwares\sam\[39m.next\server\chunks\ssr\_ffa90e90._.js:37:11054[90m)[39m
    at aB [90m(D:\erj softwares\sam\[39m.next\server\chunks\ssr\_ffa90e90._.js:58:71[90m)[39m
    at c [90m(D:\erj softwares\sam\[39m.next\server\chunks\ssr\[root-of-the-server]__b4123067._.js:1:109[90m)[39m
    at Module.i [90m(D:\erj softwares\sam\[39m.next\server\chunks\ssr\[root-of-the-server]__b4123067._.js:1:2076[90m)[39m
    at <unknown> [90m(D:\erj softwares\sam\[39m.next\server\chunks\ssr\[root-of-the-server]__8e8f535b._.js:4:711[90m)[39m {
  description: [32m"Route /dashboard/results couldn't be rendered statically because it used `cookies`. See more info here: https://nextjs.org/docs/messages/dynamic-server-error"[39m,
  digest: [32m'DYNAMIC_SERVER_USAGE'[39m
}
Failed to fetch site settings Error: Dynamic server usage: Route /dashboard/schools couldn't be rendered statically because it used `cookies`. See more info here: https://nextjs.org/docs/messages/dynamic-server-error
    at w [90m(D:\erj softwares\sam\[39m.next\server\chunks\ssr\_ffa90e90._.js:34:52214[90m)[39m
    at n [90m(D:\erj softwares\sam\[39m.next\server\chunks\ssr\_ffa90e90._.js:37:11054[90m)[39m
    at aB [90m(D:\erj softwares\sam\[39m.next\server\chunks\ssr\_ffa90e90._.js:58:71[90m)[39m
    at c [90m(D:\erj softwares\sam\[39m.next\server\chunks\ssr\[root-of-the-server]__b4123067._.js:1:109[90m)[39m
    at Module.i [90m(D:\erj softwares\sam\[39m.next\server\chunks\ssr\[root-of-the-server]__b4123067._.js:1:2076[90m)[39m
    at <unknown> [90m(D:\erj softwares\sam\[39m.next\server\chunks\ssr\[root-of-the-server]__8e8f535b._.js:4:711[90m)[39m {
  description: [32m"Route /dashboard/schools couldn't be rendered statically because it used `cookies`. See more info here: https://nextjs.org/docs/messages/dynamic-server-error"[39m,
  digest: [32m'DYNAMIC_SERVER_USAGE'[39m
}
Failed to fetch site settings Error: Dynamic server usage: Route /dashboard/students couldn't be rendered statically because it used `cookies`. See more info here: https://nextjs.org/docs/messages/dynamic-server-error
    at w [90m(D:\erj softwares\sam\[39m.next\server\chunks\ssr\_ffa90e90._.js:34:52214[90m)[39m
    at n [90m(D:\erj softwares\sam\[39m.next\server\chunks\ssr\_ffa90e90._.js:37:11054[90m)[39m
    at aB [90m(D:\erj softwares\sam\[39m.next\server\chunks\ssr\_ffa90e90._.js:58:71[90m)[39m
    at c [90m(D:\erj softwares\sam\[39m.next\server\chunks\ssr\[root-of-the-server]__b4123067._.js:1:109[90m)[39m
    at Module.i [90m(D:\erj softwares\sam\[39m.next\server\chunks\ssr\[root-of-the-server]__b4123067._.js:1:2076[90m)[39m
    at <unknown> [90m(D:\erj softwares\sam\[39m.next\server\chunks\ssr\[root-of-the-server]__8e8f535b._.js:4:711[90m)[39m {
  description: [32m"Route /dashboard/students couldn't be rendered statically because it used `cookies`. See more info here: https://nextjs.org/docs/messages/dynamic-server-error"[39m,
  digest: [32m'DYNAMIC_SERVER_USAGE'[39m
}
Failed to fetch site settings Error: Dynamic server usage: Route /dashboard/submissions couldn't be rendered statically because it used `cookies`. See more info here: https://nextjs.org/docs/messages/dynamic-server-error
    at w [90m(D:\erj softwares\sam\[39m.next\server\chunks\ssr\_ffa90e90._.js:34:52214[90m)[39m
    at n [90m(D:\erj softwares\sam\[39m.next\server\chunks\ssr\_ffa90e90._.js:37:11054[90m)[39m
    at aB [90m(D:\erj softwares\sam\[39m.next\server\chunks\ssr\_ffa90e90._.js:58:71[90m)[39m
    at c [90m(D:\erj softwares\sam\[39m.next\server\chunks\ssr\[root-of-the-server]__b4123067._.js:1:109[90m)[39m
    at Module.i [90m(D:\erj softwares\sam\[39m.next\server\chunks\ssr\[root-of-the-server]__b4123067._.js:1:2076[90m)[39m
    at <unknown> [90m(D:\erj softwares\sam\[39m.next\server\chunks\ssr\[root-of-the-server]__8e8f535b._.js:4:711[90m)[39m {
  description: [32m"Route /dashboard/submissions couldn't be rendered statically because it used `cookies`. See more info here: https://nextjs.org/docs/messages/dynamic-server-error"[39m,
  digest: [32m'DYNAMIC_SERVER_USAGE'[39m
}
Failed to fetch site settings Error: Dynamic server usage: Route /dashboard/settings couldn't be rendered statically because it used `cookies`. See more info here: https://nextjs.org/docs/messages/dynamic-server-error
    at w [90m(D:\erj softwares\sam\[39m.next\server\chunks\ssr\_ffa90e90._.js:34:52214[90m)[39m
    at n [90m(D:\erj softwares\sam\[39m.next\server\chunks\ssr\_ffa90e90._.js:37:11054[90m)[39m
    at aB [90m(D:\erj softwares\sam\[39m.next\server\chunks\ssr\_ffa90e90._.js:58:71[90m)[39m
    at c [90m(D:\erj softwares\sam\[39m.next\server\chunks\ssr\[root-of-the-server]__b4123067._.js:1:109[90m)[39m
    at Module.i [90m(D:\erj softwares\sam\[39m.next\server\chunks\ssr\[root-of-the-server]__b4123067._.js:1:2076[90m)[39m
    at <unknown> [90m(D:\erj softwares\sam\[39m.next\server\chunks\ssr\[root-of-the-server]__8e8f535b._.js:4:711[90m)[39m {
  description: [32m"Route /dashboard/settings couldn't be rendered statically because it used `cookies`. See more info here: https://nextjs.org/docs/messages/dynamic-server-error"[39m,
  digest: [32m'DYNAMIC_SERVER_USAGE'[39m
}
Failed to fetch site settings Error: Dynamic server usage: Route /dashboard/teachers couldn't be rendered statically because it used `cookies`. See more info here: https://nextjs.org/docs/messages/dynamic-server-error
    at w [90m(D:\erj softwares\sam\[39m.next\server\chunks\ssr\_ffa90e90._.js:34:52214[90m)[39m
    at n [90m(D:\erj softwares\sam\[39m.next\server\chunks\ssr\_ffa90e90._.js:37:11054[90m)[39m
    at aB [90m(D:\erj softwares\sam\[39m.next\server\chunks\ssr\_ffa90e90._.js:58:71[90m)[39m
    at c [90m(D:\erj softwares\sam\[39m.next\server\chunks\ssr\[root-of-the-server]__b4123067._.js:1:109[90m)[39m
    at Module.i [90m(D:\erj softwares\sam\[39m.next\server\chunks\ssr\[root-of-the-server]__b4123067._.js:1:2076[90m)[39m
    at <unknown> [90m(D:\erj softwares\sam\[39m.next\server\chunks\ssr\[root-of-the-server]__8e8f535b._.js:4:711[90m)[39m {
  description: [32m"Route /dashboard/teachers couldn't be rendered statically because it used `cookies`. See more info here: https://nextjs.org/docs/messages/dynamic-server-error"[39m,
  digest: [32m'DYNAMIC_SERVER_USAGE'[39m
}
Failed to fetch site settings Error: Dynamic server usage: Route /about couldn't be rendered statically because it used `cookies`. See more info here: https://nextjs.org/docs/messages/dynamic-server-error
    at w [90m(D:\erj softwares\sam\[39m.next\server\chunks\ssr\_ffa90e90._.js:34:52214[90m)[39m
    at n [90m(D:\erj softwares\sam\[39m.next\server\chunks\ssr\_ffa90e90._.js:37:11054[90m)[39m
    at aB [90m(D:\erj softwares\sam\[39m.next\server\chunks\ssr\_ffa90e90._.js:58:71[90m)[39m
    at c [90m(D:\erj softwares\sam\[39m.next\server\chunks\ssr\[root-of-the-server]__b4123067._.js:1:109[90m)[39m
    at q [90m(D:\erj softwares\sam\[39m.next\server\chunks\ssr\_f2442f64._.js:1:11533[90m)[39m
    at stringify (<anonymous>) {
  description: [32m"Route /about couldn't be rendered statically because it used `cookies`. See more info here: https://nextjs.org/docs/messages/dynamic-server-error"[39m,
  digest: [32m'DYNAMIC_SERVER_USAGE'[39m
}
Failed to fetch site settings Error: Dynamic server usage: Route /about couldn't be rendered statically because it used `cookies`. See more info here: https://nextjs.org/docs/messages/dynamic-server-error
    at w [90m(D:\erj softwares\sam\[39m.next\server\chunks\ssr\_ffa90e90._.js:34:52214[90m)[39m
    at n [90m(D:\erj softwares\sam\[39m.next\server\chunks\ssr\_ffa90e90._.js:37:11054[90m)[39m
    at aB [90m(D:\erj softwares\sam\[39m.next\server\chunks\ssr\_ffa90e90._.js:58:71[90m)[39m
    at c [90m(D:\erj softwares\sam\[39m.next\server\chunks\ssr\[root-of-the-server]__b4123067._.js:1:109[90m)[39m
    at n [90m(D:\erj softwares\sam\[39m.next\server\chunks\ssr\[root-of-the-server]__a20299b1._.js:1:3909[90m)[39m
    at stringify (<anonymous>) {
  description: [32m"Route /about couldn't be rendered statically because it used `cookies`. See more info here: https://nextjs.org/docs/messages/dynamic-server-error"[39m,
  digest: [32m'DYNAMIC_SERVER_USAGE'[39m
}
Failed to fetch site settings Error: Dynamic server usage: Route /about couldn't be rendered statically because it used `cookies`. See more info here: https://nextjs.org/docs/messages/dynamic-server-error
    at w [90m(D:\erj softwares\sam\[39m.next\server\chunks\ssr\_ffa90e90._.js:34:52214[90m)[39m
    at n [90m(D:\erj softwares\sam\[39m.next\server\chunks\ssr\_ffa90e90._.js:37:11054[90m)[39m
    at aB [90m(D:\erj softwares\sam\[39m.next\server\chunks\ssr\_ffa90e90._.js:58:71[90m)[39m
    at c [90m(D:\erj softwares\sam\[39m.next\server\chunks\ssr\[root-of-the-server]__b4123067._.js:1:109[90m)[39m
    at Module.i [90m(D:\erj softwares\sam\[39m.next\server\chunks\ssr\[root-of-the-server]__b4123067._.js:1:2076[90m)[39m
    at <unknown> [90m(D:\erj softwares\sam\[39m.next\server\chunks\ssr\[root-of-the-server]__8e8f535b._.js:4:711[90m)[39m {
  description: [32m"Route /about couldn't be rendered statically because it used `cookies`. See more info here: https://nextjs.org/docs/messages/dynamic-server-error"[39m,
  digest: [32m'DYNAMIC_SERVER_USAGE'[39m
}
Failed to fetch site settings Error: Dynamic server usage: Route /competitions couldn't be rendered statically because it used `cookies`. See more info here: https://nextjs.org/docs/messages/dynamic-server-error
    at w [90m(D:\erj softwares\sam\[39m.next\server\chunks\ssr\_ffa90e90._.js:34:52214[90m)[39m
    at n [90m(D:\erj softwares\sam\[39m.next\server\chunks\ssr\_ffa90e90._.js:37:11054[90m)[39m
    at aB [90m(D:\erj softwares\sam\[39m.next\server\chunks\ssr\_ffa90e90._.js:58:71[90m)[39m
    at c [90m(D:\erj softwares\sam\[39m.next\server\chunks\ssr\[root-of-the-server]__b4123067._.js:1:109[90m)[39m
    at q [90m(D:\erj softwares\sam\[39m.next\server\chunks\ssr\_f2442f64._.js:1:11533[90m)[39m
    at stringify (<anonymous>) {
  description: [32m"Route /competitions couldn't be rendered statically because it used `cookies`. See more info here: https://nextjs.org/docs/messages/dynamic-server-error"[39m,
  digest: [32m'DYNAMIC_SERVER_USAGE'[39m
}
Failed to fetch site settings Error: Dynamic server usage: Route /competitions couldn't be rendered statically because it used `cookies`. See more info here: https://nextjs.org/docs/messages/dynamic-server-error
    at w [90m(D:\erj softwares\sam\[39m.next\server\chunks\ssr\_ffa90e90._.js:34:52214[90m)[39m
    at n [90m(D:\erj softwares\sam\[39m.next\server\chunks\ssr\_ffa90e90._.js:37:11054[90m)[39m
    at aB [90m(D:\erj softwares\sam\[39m.next\server\chunks\ssr\_ffa90e90._.js:58:71[90m)[39m
    at c [90m(D:\erj softwares\sam\[39m.next\server\chunks\ssr\[root-of-the-server]__b4123067._.js:1:109[90m)[39m
    at Module.i [90m(D:\erj softwares\sam\[39m.next\server\chunks\ssr\[root-of-the-server]__b4123067._.js:1:2076[90m)[39m
    at <unknown> [90m(D:\erj softwares\sam\[39m.next\server\chunks\ssr\[root-of-the-server]__8e8f535b._.js:4:711[90m)[39m {
  description: [32m"Route /competitions couldn't be rendered statically because it used `cookies`. See more info here: https://nextjs.org/docs/messages/dynamic-server-error"[39m,
  digest: [32m'DYNAMIC_SERVER_USAGE'[39m
}
[?25h